c:\si\labwork1\serverengine\debug\vc142.pdb
c:\si\labwork1\serverengine\debug\vc142.idb
c:\si\labwork1\serverengine\debug\warehouse.obj
c:\si\labwork1\serverengine\debug\sim_server.obj
c:\si\labwork1\serverengine\debug\interface.obj
c:\si\labwork1\serverengine\debug\urlencoding.obj
c:\si\labwork1\serverengine\debug\webrequest.obj
c:\si\labwork1\serverengine\debug\main.obj
c:\si\labwork1\serverengine\debug\___apagar_jsonparser.obj
c:\si\labwork1\serverengine\debug\wr2.obj
c:\si\labwork1\serverengine\debug\mongoose.obj
c:\si\labwork1\serverengine\debug\serverengine.pdb
c:\si\labwork1\serverengine\debug\serverengine.tlog\cl.command.1.tlog
c:\si\labwork1\serverengine\debug\serverengine.tlog\cl.read.1.tlog
c:\si\labwork1\serverengine\debug\serverengine.tlog\cl.write.1.tlog
c:\si\labwork1\serverengine\debug\serverengine.tlog\link.9424-cvtres.read.1.tlog
c:\si\labwork1\serverengine\debug\serverengine.tlog\link.9424-cvtres.write.1.tlog
c:\si\labwork1\serverengine\debug\serverengine.tlog\link.9424-rc.read.1.tlog
c:\si\labwork1\serverengine\debug\serverengine.tlog\link.9424-rc.write.1.tlog
c:\si\labwork1\serverengine\debug\serverengine.tlog\link.9424.read.1.tlog
c:\si\labwork1\serverengine\debug\serverengine.tlog\link.9424.write.1.tlog
c:\si\labwork1\serverengine\debug\serverengine.tlog\link.command.1.tlog
c:\si\labwork1\serverengine\debug\serverengine.tlog\link.read.1.tlog
c:\si\labwork1\serverengine\debug\serverengine.tlog\link.write.1.tlog
